<?xml version="1.0" encoding="UTF-8"?>
<coverage generated="1653709679334" clover="3.2.0">
  <project timestamp="1653709679334" name="All files">
    <metrics statements="12" coveredstatements="1" conditionals="4" coveredconditionals="0" methods="3" coveredmethods="1" elements="19" coveredelements="2" complexity="0" loc="12" ncloc="12" packages="1" files="3" classes="3"/>
    <file name="App.tsx" path="/Users/cryershinozukakazuho/git/phoquash/frontend/src/App.tsx">
      <metrics statements="1" coveredstatements="1" conditionals="0" coveredconditionals="0" methods="1" coveredmethods="1"/>
      <line num="6" count="1" type="stmt"/>
    </file>
    <file name="index.tsx" path="/Users/cryershinozukakazuho/git/phoquash/frontend/src/index.tsx">
      <metrics statements="3" coveredstatements="0" conditionals="0" coveredconditionals="0" methods="0" coveredmethods="0"/>
      <line num="7" count="0" type="stmt"/>
      <line num="10" count="0" type="stmt"/>
      <line num="19" count="0" type="stmt"/>
    </file>
    <file name="reportWebVitals.ts" path="/Users/cryershinozukakazuho/git/phoquash/frontend/src/reportWebVitals.ts">
      <metrics statements="8" coveredstatements="0" conditionals="4" coveredconditionals="0" methods="2" coveredmethods="0"/>
      <line num="3" count="0" type="stmt"/>
      <line num="4" count="0" type="cond" truecount="0" falsecount="4"/>
      <line num="5" count="0" type="stmt"/>
      <line num="6" count="0" type="stmt"/>
      <line num="7" count="0" type="stmt"/>
      <line num="8" count="0" type="stmt"/>
      <line num="9" count="0" type="stmt"/>
      <line num="10" count="0" type="stmt"/>
    </file>
  </project>
</coverage>
