{"total": {"lines":{"total":30,"covered":9,"skipped":0,"pct":30},"statements":{"total":30,"covered":9,"skipped":0,"pct":30},"functions":{"total":10,"covered":2,"skipped":0,"pct":20},"branches":{"total":8,"covered":4,"skipped":0,"pct":50},"branchesTrue":{"total":0,"covered":0,"skipped":0,"pct":100}}
,"/Users/cryershinozukakazuho/git/phoquash/frontend/src/App.tsx": {"lines":{"total":3,"covered":0,"skipped":0,"pct":0},"functions":{"total":2,"covered":0,"skipped":0,"pct":0},"statements":{"total":3,"covered":0,"skipped":0,"pct":0},"branches":{"total":0,"covered":0,"skipped":0,"pct":100}}
,"/Users/cryershinozukakazuho/git/phoquash/frontend/src/index.tsx": {"lines":{"total":3,"covered":0,"skipped":0,"pct":0},"functions":{"total":0,"covered":0,"skipped":0,"pct":100},"statements":{"total":3,"covered":0,"skipped":0,"pct":0},"branches":{"total":0,"covered":0,"skipped":0,"pct":100}}
,"/Users/cryershinozukakazuho/git/phoquash/frontend/src/reportWebVitals.ts": {"lines":{"total":8,"covered":0,"skipped":0,"pct":0},"functions":{"total":2,"covered":0,"skipped":0,"pct":0},"statements":{"total":8,"covered":0,"skipped":0,"pct":0},"branches":{"total":4,"covered":0,"skipped":0,"pct":0}}
,"/Users/cryershinozukakazuho/git/phoquash/frontend/src/components/main/Main.tsx": {"lines":{"total":2,"covered":0,"skipped":0,"pct":0},"functions":{"total":1,"covered":0,"skipped":0,"pct":0},"statements":{"total":2,"covered":0,"skipped":0,"pct":0},"branches":{"total":0,"covered":0,"skipped":0,"pct":100}}
,"/Users/cryershinozukakazuho/git/phoquash/frontend/src/components/uiParts/appBar/AppBar.tsx": {"lines":{"total":14,"covered":9,"skipped":0,"pct":64.28},"functions":{"total":5,"covered":2,"skipped":0,"pct":40},"statements":{"total":14,"covered":9,"skipped":0,"pct":64.28},"branches":{"total":4,"covered":4,"skipped":0,"pct":100}}
}
